# JRE version: OpenJDK Runtime Environment Temurin-17.0.6+10 (17.0.6+10) (build 17.0.6+10)
# Java VM: OpenJDK 64-Bit Server VM Temurin-17.0.6+10 (17.0.6+10, mixed mode, emulated-client, tiered, compressed oops, compressed class ptrs, g1 gc, windows-amd64)
GC Precious Log:
 CPUs: 8 total, 8 available
 Memory: 16259M
 Large Page Support: Disabled
 NUMA Support: Disabled
 Compressed Oops: Enabled (Zero based)
 Heap Region Size: 2M
 Heap Min Capacity: 8M
 Heap Initial Capacity: 256M
 Heap Max Capacity: 4066M
 Pre-touch: Disabled
 Parallel Workers: 8
 Concurrent Workers: 2
 Concurrent Refinement Workers: 8
 Periodic GC: Disabled
Heap:
 garbage-first heap   total 90112K, used 64715K [0x0000000701e00000, 0x0000000800000000)
  region size 2048K, 23 young (47104K), 3 survivors (6144K)
 Metaspace       used 74564K, committed 75008K, reserved 1122304K
  class space    used 9503K, committed 9728K, reserved 1048576K
GC Heap History (20 events):
Event: 8.017 GC heap before
{Heap before GC invocations=8 (full 0):
 garbage-first heap   total 49152K, used 32948K [0x0000000701e00000, 0x0000000800000000)
  region size 2048K, 12 young (24576K), 2 survivors (4096K)
 Metaspace       used 32765K, committed 33088K, reserved 1081344K
  class space    used 4127K, committed 4288K, reserved 1048576K
}
Event: 8.034 GC heap after
{Heap after GC invocations=9 (full 0):
 garbage-first heap   total 49152K, used 14824K [0x0000000701e00000, 0x0000000800000000)
  region size 2048K, 2 young (4096K), 2 survivors (4096K)
 Metaspace       used 32765K, committed 33088K, reserved 1081344K
  class space    used 4127K, committed 4288K, reserved 1048576K
}
Event: 8.900 GC heap before
{Heap before GC invocations=9 (full 0):
 garbage-first heap   total 49152K, used 33256K [0x0000000701e00000, 0x0000000800000000)
  region size 2048K, 11 young (22528K), 2 survivors (4096K)
 Metaspace       used 35293K, committed 35648K, reserved 1081344K
  class space    used 4405K, committed 4544K, reserved 1048576K
}
Event: 8.920 GC heap after
{Heap after GC invocations=10 (full 0):
 garbage-first heap   total 155648K, used 16325K [0x0000000701e00000, 0x0000000800000000)
  region size 2048K, 1 young (2048K), 1 survivors (2048K)
 Metaspace       used 35293K, committed 35648K, reserved 1081344K
  class space    used 4405K, committed 4544K, reserved 1048576K
}
Event: 8.971 GC heap before
{Heap before GC invocations=10 (full 0):
 garbage-first heap   total 155648K, used 18373K [0x0000000701e00000, 0x0000000800000000)
  region size 2048K, 3 young (6144K), 1 survivors (2048K)
 Metaspace       used 35800K, committed 36096K, reserved 1081344K
  class space    used 4454K, committed 4608K, reserved 1048576K
}
Event: 8.976 GC heap after
{Heap after GC invocations=11 (full 0):
 garbage-first heap   total 155648K, used 16147K [0x0000000701e00000, 0x0000000800000000)
  region size 2048K, 1 young (2048K), 1 survivors (2048K)
 Metaspace       used 35800K, committed 36096K, reserved 1081344K
  class space    used 4454K, committed 4608K, reserved 1048576K
}
Event: 10.763 GC heap before
{Heap before GC invocations=12 (full 0):
 garbage-first heap   total 69632K, used 55059K [0x0000000701e00000, 0x0000000800000000)
  region size 2048K, 20 young (40960K), 1 survivors (2048K)
 Metaspace       used 42662K, committed 43008K, reserved 1089536K
  class space    used 5407K, committed 5568K, reserved 1048576K
}
Event: 10.769 GC heap after
{Heap after GC invocations=13 (full 0):
 garbage-first heap   total 69632K, used 18662K [0x0000000701e00000, 0x0000000800000000)
  region size 2048K, 3 young (6144K), 3 survivors (6144K)
 Metaspace       used 42662K, committed 43008K, reserved 1089536K
  class space    used 5407K, committed 5568K, reserved 1048576K
}
Event: 10.858 GC heap before
{Heap before GC invocations=13 (full 0):
 garbage-first heap   total 69632K, used 20710K [0x0000000701e00000, 0x0000000800000000)
  region size 2048K, 4 young (8192K), 3 survivors (6144K)
 Metaspace       used 42999K, committed 43328K, reserved 1089536K
  class space    used 5477K, committed 5632K, reserved 1048576K
}
Event: 10.864 GC heap after
{Heap after GC invocations=14 (full 0):
 garbage-first heap   total 69632K, used 19061K [0x0000000701e00000, 0x0000000800000000)
  region size 2048K, 1 young (2048K), 1 survivors (2048K)
 Metaspace       used 42999K, committed 43328K, reserved 1089536K
  class space    used 5477K, committed 5632K, reserved 1048576K
}
Event: 12.637 GC heap before
{Heap before GC invocations=14 (full 0):
 garbage-first heap   total 69632K, used 47733K [0x0000000701e00000, 0x0000000800000000)
  region size 2048K, 16 young (32768K), 1 survivors (2048K)
 Metaspace       used 51778K, committed 52160K, reserved 1097728K
  class space    used 6684K, committed 6848K, reserved 1048576K
}
Event: 12.641 GC heap after
{Heap after GC invocations=15 (full 0):
 garbage-first heap   total 69632K, used 20786K [0x0000000701e00000, 0x0000000800000000)
  region size 2048K, 2 young (4096K), 2 survivors (4096K)
 Metaspace       used 51778K, committed 52160K, reserved 1097728K
  class space    used 6684K, committed 6848K, reserved 1048576K
}
Event: 14.064 GC heap before
{Heap before GC invocations=16 (full 0):
 garbage-first heap   total 69632K, used 49458K [0x0000000701e00000, 0x0000000800000000)
  region size 2048K, 16 young (32768K), 2 survivors (4096K)
 Metaspace       used 57369K, committed 57664K, reserved 1105920K
  class space    used 7578K, committed 7744K, reserved 1048576K
}
Event: 14.070 GC heap after
{Heap after GC invocations=17 (full 0):
 garbage-first heap   total 69632K, used 22559K [0x0000000701e00000, 0x0000000800000000)
  region size 2048K, 1 young (2048K), 1 survivors (2048K)
 Metaspace       used 57369K, committed 57664K, reserved 1105920K
  class space    used 7578K, committed 7744K, reserved 1048576K
}
Event: 14.258 GC heap before
{Heap before GC invocations=17 (full 0):
 garbage-first heap   total 69632K, used 24607K [0x0000000701e00000, 0x0000000800000000)
  region size 2048K, 2 young (4096K), 1 survivors (2048K)
 Metaspace       used 58056K, committed 58496K, reserved 1105920K
  class space    used 7638K, committed 7872K, reserved 1048576K
}
Event: 14.264 GC heap after
{Heap after GC invocations=18 (full 0):
 garbage-first heap   total 69632K, used 22481K [0x0000000701e00000, 0x0000000800000000)
  region size 2048K, 1 young (2048K), 1 survivors (2048K)
 Metaspace       used 58056K, committed 58496K, reserved 1105920K
  class space    used 7638K, committed 7872K, reserved 1048576K
}
Event: 15.535 GC heap before
{Heap before GC invocations=18 (full 0):
 garbage-first heap   total 69632K, used 51153K [0x0000000701e00000, 0x0000000800000000)
  region size 2048K, 15 young (30720K), 1 survivors (2048K)
 Metaspace       used 61431K, committed 61888K, reserved 1105920K
  class space    used 8115K, committed 8320K, reserved 1048576K
}
Event: 15.540 GC heap after
{Heap after GC invocations=19 (full 0):
 garbage-first heap   total 90112K, used 24626K [0x0000000701e00000, 0x0000000800000000)
  region size 2048K, 2 young (4096K), 2 survivors (4096K)
 Metaspace       used 61431K, committed 61888K, reserved 1105920K
  class space    used 8115K, committed 8320K, reserved 1048576K
}
Event: 115.487 GC heap before
{Heap before GC invocations=19 (full 0):
 garbage-first heap   total 90112K, used 65586K [0x0000000701e00000, 0x0000000800000000)
  region size 2048K, 23 young (47104K), 2 survivors (4096K)
 Metaspace       used 68073K, committed 68544K, reserved 1114112K
  class space    used 8934K, committed 9152K, reserved 1048576K
}
Event: 115.505 GC heap after
{Heap after GC invocations=20 (full 0):
 garbage-first heap   total 90112K, used 27851K [0x0000000701e00000, 0x0000000800000000)
  region size 2048K, 3 young (6144K), 3 survivors (6144K)
 Metaspace       used 68073K, committed 68544K, reserved 1114112K
  class space    used 8934K, committed 9152K, reserved 1048576K
}

