# JRE version: OpenJDK Runtime Environment Temurin-17.0.6+10 (17.0.6+10) (build 17.0.6+10)
# Java VM: OpenJDK 64-Bit Server VM Temurin-17.0.6+10 (17.0.6+10, mixed mode, emulated-client, tiered, compressed oops, compressed class ptrs, g1 gc, windows-amd64)
GC Precious Log:
 CPUs: 8 total, 8 available
 Memory: 16259M
 Large Page Support: Disabled
 NUMA Support: Disabled
 Compressed Oops: Enabled (Zero based)
 Heap Region Size: 2M
 Heap Min Capacity: 8M
 Heap Initial Capacity: 256M
 Heap Max Capacity: 4066M
 Pre-touch: Disabled
 Parallel Workers: 8
 Concurrent Workers: 2
 Concurrent Refinement Workers: 8
 Periodic GC: Disabled
Heap:
 garbage-first heap   total 161792K, used 60737K [0x0000000701e00000, 0x0000000800000000)
  region size 2048K, 23 young (47104K), 5 survivors (10240K)
 Metaspace       used 74672K, committed 75072K, reserved 1122304K
  class space    used 9517K, committed 9728K, reserved 1048576K
GC Heap History (20 events):
Event: 5.495 GC heap before
{Heap before GC invocations=6 (full 0):
 garbage-first heap   total 49152K, used 30509K [0x0000000701e00000, 0x0000000800000000)
  region size 2048K, 11 young (22528K), 1 survivors (2048K)
 Metaspace       used 27380K, committed 27648K, reserved 1073152K
  class space    used 3280K, committed 3392K, reserved 1048576K
}
Event: 5.502 GC heap after
{Heap after GC invocations=7 (full 0):
 garbage-first heap   total 49152K, used 11091K [0x0000000701e00000, 0x0000000800000000)
  region size 2048K, 1 young (2048K), 1 survivors (2048K)
 Metaspace       used 27380K, committed 27648K, reserved 1073152K
  class space    used 3280K, committed 3392K, reserved 1048576K
}
Event: 6.481 GC heap before
{Heap before GC invocations=7 (full 0):
 garbage-first heap   total 49152K, used 31571K [0x0000000701e00000, 0x0000000800000000)
  region size 2048K, 11 young (22528K), 1 survivors (2048K)
 Metaspace       used 29884K, committed 30208K, reserved 1081344K
  class space    used 3652K, committed 3776K, reserved 1048576K
}
Event: 6.490 GC heap after
{Heap after GC invocations=8 (full 0):
 garbage-first heap   total 49152K, used 12412K [0x0000000701e00000, 0x0000000800000000)
  region size 2048K, 2 young (4096K), 2 survivors (4096K)
 Metaspace       used 29884K, committed 30208K, reserved 1081344K
  class space    used 3652K, committed 3776K, reserved 1048576K
}
Event: 7.402 GC heap before
{Heap before GC invocations=8 (full 0):
 garbage-first heap   total 49152K, used 32892K [0x0000000701e00000, 0x0000000800000000)
  region size 2048K, 12 young (24576K), 2 survivors (4096K)
 Metaspace       used 32471K, committed 32768K, reserved 1081344K
  class space    used 4092K, committed 4224K, reserved 1048576K
}
Event: 7.417 GC heap after
{Heap after GC invocations=9 (full 0):
 garbage-first heap   total 49152K, used 14785K [0x0000000701e00000, 0x0000000800000000)
  region size 2048K, 2 young (4096K), 2 survivors (4096K)
 Metaspace       used 32471K, committed 32768K, reserved 1081344K
  class space    used 4092K, committed 4224K, reserved 1048576K
}
Event: 8.223 GC heap before
{Heap before GC invocations=9 (full 0):
 garbage-first heap   total 49152K, used 33217K [0x0000000701e00000, 0x0000000800000000)
  region size 2048K, 11 young (22528K), 2 survivors (4096K)
 Metaspace       used 35237K, committed 35584K, reserved 1081344K
  class space    used 4396K, committed 4544K, reserved 1048576K
}
Event: 8.246 GC heap after
{Heap after GC invocations=10 (full 0):
 garbage-first heap   total 155648K, used 16193K [0x0000000701e00000, 0x0000000800000000)
  region size 2048K, 1 young (2048K), 1 survivors (2048K)
 Metaspace       used 35237K, committed 35584K, reserved 1081344K
  class space    used 4396K, committed 4544K, reserved 1048576K
}
Event: 8.327 GC heap before
{Heap before GC invocations=10 (full 0):
 garbage-first heap   total 155648K, used 20289K [0x0000000701e00000, 0x0000000800000000)
  region size 2048K, 4 young (8192K), 1 survivors (2048K)
 Metaspace       used 35804K, committed 36096K, reserved 1081344K
  class space    used 4455K, committed 4608K, reserved 1048576K
}
Event: 8.334 GC heap after
{Heap after GC invocations=11 (full 0):
 garbage-first heap   total 155648K, used 16153K [0x0000000701e00000, 0x0000000800000000)
  region size 2048K, 1 young (2048K), 1 survivors (2048K)
 Metaspace       used 35804K, committed 36096K, reserved 1081344K
  class space    used 4455K, committed 4608K, reserved 1048576K
}
Event: 10.053 GC heap before
{Heap before GC invocations=12 (full 0):
 garbage-first heap   total 61440K, used 50969K [0x0000000701e00000, 0x0000000800000000)
  region size 2048K, 18 young (36864K), 1 survivors (2048K)
 Metaspace       used 41888K, committed 42240K, reserved 1089536K
  class space    used 5273K, committed 5440K, reserved 1048576K
}
Event: 10.057 GC heap after
{Heap after GC invocations=13 (full 0):
 garbage-first heap   total 61440K, used 18474K [0x0000000701e00000, 0x0000000800000000)
  region size 2048K, 3 young (6144K), 3 survivors (6144K)
 Metaspace       used 41888K, committed 42240K, reserved 1089536K
  class space    used 5273K, committed 5440K, reserved 1048576K
}
Event: 10.149 GC heap before
{Heap before GC invocations=13 (full 0):
 garbage-first heap   total 61440K, used 20522K [0x0000000701e00000, 0x0000000800000000)
  region size 2048K, 4 young (8192K), 3 survivors (6144K)
 Metaspace       used 42258K, committed 42560K, reserved 1089536K
  class space    used 5349K, committed 5504K, reserved 1048576K
}
Event: 10.155 GC heap after
{Heap after GC invocations=14 (full 0):
 garbage-first heap   total 61440K, used 18608K [0x0000000701e00000, 0x0000000800000000)
  region size 2048K, 1 young (2048K), 1 survivors (2048K)
 Metaspace       used 42258K, committed 42560K, reserved 1089536K
  class space    used 5349K, committed 5504K, reserved 1048576K
}
Event: 11.521 GC heap before
{Heap before GC invocations=14 (full 0):
 garbage-first heap   total 61440K, used 45232K [0x0000000701e00000, 0x0000000800000000)
  region size 2048K, 14 young (28672K), 1 survivors (2048K)
 Metaspace       used 50476K, committed 50816K, reserved 1097728K
  class space    used 6497K, committed 6656K, reserved 1048576K
}
Event: 11.526 GC heap after
{Heap after GC invocations=15 (full 0):
 garbage-first heap   total 61440K, used 19775K [0x0000000701e00000, 0x0000000800000000)
  region size 2048K, 1 young (2048K), 1 survivors (2048K)
 Metaspace       used 50476K, committed 50816K, reserved 1097728K
  class space    used 6497K, committed 6656K, reserved 1048576K
}
Event: 12.615 GC heap before
{Heap before GC invocations=16 (full 0):
 garbage-first heap   total 61440K, used 46399K [0x0000000701e00000, 0x0000000800000000)
  region size 2048K, 14 young (28672K), 1 survivors (2048K)
 Metaspace       used 55617K, committed 55936K, reserved 1097728K
  class space    used 7288K, committed 7424K, reserved 1048576K
}
Event: 12.623 GC heap after
{Heap after GC invocations=17 (full 0):
 garbage-first heap   total 161792K, used 21340K [0x0000000701e00000, 0x0000000800000000)
  region size 2048K, 2 young (4096K), 2 survivors (4096K)
 Metaspace       used 55617K, committed 55936K, reserved 1097728K
  class space    used 7288K, committed 7424K, reserved 1048576K
}
Event: 114.911 GC heap before
{Heap before GC invocations=17 (full 0):
 garbage-first heap   total 161792K, used 113500K [0x0000000701e00000, 0x0000000800000000)
  region size 2048K, 47 young (96256K), 2 survivors (4096K)
 Metaspace       used 69093K, committed 69568K, reserved 1114112K
  class space    used 9037K, committed 9280K, reserved 1048576K
}
Event: 114.952 GC heap after
{Heap after GC invocations=18 (full 0):
 garbage-first heap   total 161792K, used 27969K [0x0000000701e00000, 0x0000000800000000)
  region size 2048K, 5 young (10240K), 5 survivors (10240K)
 Metaspace       used 69093K, committed 69568K, reserved 1114112K
  class space    used 9037K, committed 9280K, reserved 1048576K
}

